<?xml version="1.0" encoding="utf-8"?><testsuites name="pytest tests"><testsuite name="pytest" errors="0" failures="0" skipped="0" tests="13" time="5.256" timestamp="2026-06-01T19:57:09.263627+00:00" hostname="agent-env-060f07b1-aa9e-4f87-9f98-740533c25784"><testcase classname="backend.tests.test_mwcrew" name="test_count_shape" time="0.322" /><testcase classname="backend.tests.test_mwcrew" name="test_admin_login_wrong" time="0.061" /><testcase classname="backend.tests.test_mwcrew" name="test_admin_login_ok" time="0.058" /><testcase classname="backend.tests.test_mwcrew" name="test_admin_list_requires_token" time="0.437" /><testcase classname="backend.tests.test_mwcrew" name="test_admin_list_ok" time="0.062" /><testcase classname="backend.tests.test_mwcrew" name="test_create_missing_fields" time="0.057" /><testcase classname="backend.tests.test_mwcrew" name="test_create_invalid_interet" time="0.053" /><testcase classname="backend.tests.test_mwcrew" name="test_create_no_photo" time="0.175" /><testcase classname="backend.tests.test_mwcrew" name="test_create_with_photo" time="0.116" /><testcase classname="backend.tests.test_mwcrew" name="test_admin_delete_requires_token" time="0.086" /><testcase classname="backend.tests.test_mwcrew" name="test_admin_delete_404" time="0.062" /><testcase classname="backend.tests.test_mwcrew" name="test_admin_delete_ok" time="0.207" /><testcase classname="backend.tests.test_mwcrew" name="test_sold_out_limit" time="3.423" /></testsuite></testsuites>